{
  "stats": {
    "suites": 1,
    "tests": 1,
    "passes": 1,
    "pending": 0,
    "failures": 0,
    "start": "2024-09-24T14:44:22.861Z",
    "end": "2024-09-24T14:44:32.837Z",
    "duration": 9976,
    "testsRegistered": 1,
    "passPercent": 100,
    "pendingPercent": 0,
    "other": 0,
    "hasOther": false,
    "skipped": 0,
    "hasSkipped": false
  },
  "results": [
    {
      "uuid": "a9fa0876-6d76-4cc0-8a68-002cb06ededa",
      "title": "",
      "fullFile": "cypress\\e2e\\AllTest\\Test_Login.cy.js",
      "file": "cypress\\e2e\\AllTest\\Test_Login.cy.js",
      "beforeHooks": [],
      "afterHooks": [],
      "tests": [],
      "suites": [
        {
          "uuid": "98cbbc06-397a-4e5d-b378-3532ea570c8e",
          "title": "Login Flow validation",
          "fullFile": "",
          "file": "",
          "beforeHooks": [],
          "afterHooks": [],
          "tests": [
            {
              "title": "Login with valid credentials",
              "fullTitle": "Login Flow validation Login with valid credentials",
              "timedOut": null,
              "duration": 9898,
              "state": "passed",
              "speed": "medium",
              "pass": true,
              "fail": false,
              "pending": false,
              "context": "{\n  \"title\": \"cypress-mochawesome-reporter-videos-passed\",\n  \"value\": \"cypress\\\\e2e\\\\AllTest\\\\Test_Login.cy.js\"\n}",
              "code": "// ExceltoJSONConverter(\"./cypress/fixtures/AutomationTestData.xlsx\");\nconst testdata = __webpack_require__(/*! ../../fixtures/AutomationTestData.json */ \"./cypress/fixtures/AutomationTestData.json\");\nlet scenario = testdata[0];\ncy.login(\"\", scenario.Email, scenario.Password);",
              "err": {},
              "uuid": "06b9ad1f-115e-4e27-8208-0a83d65b6ea2",
              "parentUUID": "98cbbc06-397a-4e5d-b378-3532ea570c8e",
              "isHook": false,
              "skipped": false
            }
          ],
          "suites": [],
          "passes": [
            "06b9ad1f-115e-4e27-8208-0a83d65b6ea2"
          ],
          "failures": [],
          "pending": [],
          "skipped": [],
          "duration": 9898,
          "root": false,
          "rootEmpty": false,
          "_timeout": 2000
        }
      ],
      "passes": [],
      "failures": [],
      "pending": [],
      "skipped": [],
      "duration": 0,
      "root": true,
      "rootEmpty": true,
      "_timeout": 2000
    }
  ],
  "meta": {
    "mocha": {
      "version": "7.0.1"
    },
    "mochawesome": {
      "options": {
        "quiet": false,
        "reportFilename": "mochawesome",
        "saveHtml": false,
        "saveJson": true,
        "consoleReporter": "spec",
        "useInlineDiffs": false,
        "code": true
      },
      "version": "7.1.3"
    },
    "marge": {
      "options": {
        "overwrite": false,
        "html": false,
        "json": true,
        "reportDir": "cypress\\reports\\html\\.jsons"
      },
      "version": "6.2.0"
    }
  }
}